1. Elabora el balance de previsión de tu empresa, conforme al modelo de balance del Plan General Contable y tomando como ayuda, 
    el balance que han confeccionado Luis y Elena, (los protagonistas de esta unidad).
    Cuida que la empresa se halle en situación de equilibrio financiero y demuestra que es así. 
    Para ello, tendrás que hallar el fondo de maniobra.

2. Elabora la cuenta de pérdidas y ganancias de previsión de tu empresa, conforme al modelo del Plan General Contable y tomando como ayuda,
    la cuenta de resultados que han confeccionado Luis y Elena.

3. Presenta el plan de tesorería de tu empresa, conforme al modelo planteado en la unidad. 
    Trata de adecuarlo a las necesidades de tu empresa. ¿Tendrás un déficit o un superávit de tesorería?

4. Calcula los ratios indicadores de rentabilidad y los ratios financieros que aparecen en los contenidos de esta unidad e 
    interpreta los resultados, extrayendo unas conclusiones, tal y como hicieron Luis y Elena con su empresa.

Patrimonio:
    Capital:
        Capital Social
    Resultados ejeccicios anteriores:
        Remanente 0


Pasivos:
    corriente:
        Facturas pendientes de pagar a los proveedores       1.100

    no corriente:
        Deudas a largo plazo con entidades de crédito       10.000
        Deudas a corto plazo con entidades de crédito        5.000

