Lugar de entrega                                Emisor CARREFOUR COMPRAS(1)     Receptor FROXÁ S.A. (A39064886)     Comprador LOGISTICA NACIONAL (A28425270)    Proveedor FROXA S.A. (A39064886)    A quien se factura PLATAFORMA ALIMENTACIÓN C4 (A28425270)

PFO GETAFE TENSO CONGELADO  8480015193065       8480015000004                   8410809000002                       8480015009007                               8410809000002                       8480015111113
Sección : 21
Paseo John Lenon 1, A GETAFE

CDF SEVILLA PLS CONGE FLT   8480015109370       8480015000004                   8410809000002                       8480015009007                               8410809000002                       8480015111113
Sección : 15
TORRE DE LOS HERBEROS 22(P101) DOS HERMANAS

PFO MALAGA TENSO CONGELADO  8480015193195       8480015000004                   8410809000002                       8480015009007                               8410809000002                       8480015111113
Sección : 15
Avda. Jose Ortega y Gasset 551 MALAGA

CDF TORREJON CONGE FLT      8480015109363       8480015000004                   8410809000002                       8480015009007                               8410809000002                       8480015111113
Sección : 21
P.I. CASABLANCA AVENIDA DE LOS PR TORREJON DE ARDOZ

CDF PRAT CONGE FLT          8480015109318       8480015000004                   8410809000002                       8480015009007                               8410809000002                       8480015111113  
Sección : 15 EL PRAT DE LLOBREGAT
AVENIDA DE L'ESTANY DE MESSEGUERA 1
 
CDF SANTANDER CONGE FLT     8480015106607       8480015000004                   8410809000002                       8480015009007                               8410809000002                       8480015111113
Sección : 21
BARRIO HELGUERA, 28 SANTANDER

CDF VILLANUEVA CONGE FLT    8480015109387       8480015000004                   8410809000002                       8480015009007                               8410809000002                       8480015111113
Sección : 15
P IND PLA PARCELA C 6-8 VILLANUEVA DE CASTELLON



