Instalar apache
    apt update && apt upgrade -y
    apt install apache2 -y
    systemctl status apache2
    systemctl start apache2

Instalar php y modulos necesarios
    apt install php libapache2-mod-php php-cli php-xml -y
    php -v
    systemctl restart apache2


Instalar PHP phpDocumentor
    apt install php-pear
    pear config-set data_dir /var/www/html
    pear install --alldeps PhpDocumentor

    // ya tiene que estar instalado si no:

    wget sourceforge.net/projects/phpdocu/files/PhpDoc/phpDocumentor-1.4.3/PhpDocumentor-1.4.3.tgz
    mkdir /var/www/html/docs
    chown www-data /var/www/html/docs/
    tar -xvzf PhpDocumentor-1.4.3.tgz -C /var/www/html/docs
    http://localhost/PhpDocumentor/ deberíamos comprobar que la instalación ha sido correcta y tenemos phpDocumentor listo para funcionar.

    <?php
    /**
     * Esta es una función que saluda al mundo.
     *
     * @return void
     */
    function sayHello() {
        echo "hello world";
    }

-------------------------------------

TRABAJAR CON PHP DOCUMENTOR:
2.3.- Configuración de phpDocumentor.
Una vez hemos instalado phpDocumentor se puede trabajar con él de dos modos para generar automáticamente la documentación de nuestros proyectos PHP; se puede trabajar desde línea de comandos, mediante:

# phpdoc -o [formato_de_la_documentacion_generada] -d [carpeta_donde_estan_los_proyectos_php] -t [carpeta_donde_se_almacenan_los_archivos_de_documentacion]
por ejemplo:

# phpdoc -o HTML:frames:phpedit -d /var/www/html/ -t /var/www/html/docs/
en este caso estamos indicando que se genere la documentación en formato HTML (también es posible en formato PDF, CHM) de los proyectos de la carpeta /var/www/html/ y se almacene dicha documentación en la carpeta /var/www/html/docs/; aunque existen un gran número de parámetros para adaptar el formato de la documentación que phpdoc genere al formato que más nos interese, para ello podemos obtener información ejecutando:

# phpdoc -h