1. instalo proftpd (servidor ftp):
    apt install proftpd -y
    apt install ftp -y

    systemctl status proftpd
    systemctl enable proftpd
    systemctl start proftpd



2. usar un usuario anonimo: miro el archivo 0.5
    cd /etc/proftpd/
    nano proftpd.conf
    # descomento todo lo relacionado con el usuario anonimo
    # <Anonymous ftp>
    #     User
    #     Group
    #     UserAlias
    #     Dir...
    #     Dir...
    #     Require..
    #     MaxCli..
    #     DisplayLo
    #     DisplayCh
    #     <Directory *>
    #         <Limit Write>
    #             DenyAll   <--- para que SI pueda escribi AllowAll
    #         </Limit>
    #     </Directory>
    # </Anonymous>
    systemctl restart proftpd

    conectarse con el usuario anonimo: en este caso me conecto en la misma maquina en url /var/ftp o /srv/ftp
        ftp 10.0.2.15
        Username: ftp
        Password: ""

        Para traer archivos del servidor a tu máquina local, usa:
            get archivo.txt 

        Para enviar archivos desde tu máquina local al servidor:
            put archivo.txt

        Para listar los archivos en el servidor:
            ls

        Para cambiar de directorio en el servidor:
            ftp> cd /var/www/html

        Si quieres cambiar el directorio de tu PC mientras usas FTP:
            ftp> lcd /home/usuario/Documentos

        Para listar los archivos en tu PC:
            ftp> !ls



3. Configurar el servidor ProFTPD con:
    1. El usuario virtual: direccion con permisos de escritura:

        Configuramos el usuario virtual “direccion”, para ello lo primero modificamos el archivo, añadimos estos datos:
            nano /etc/proftpd/proftpd.conf
                Include /etc/proftpd/modules.conf       
                DefaultRoot ~
                RequireValidShell off
                AuthUserFile /etc/proftpd/ftpd.passwd

        Creamos el directorio para el usuario virtual "direccion": "apt update && apt install proftpd-mod-auth-file -y" and "apt install proftpd-utils -y" y me pedira la contraseña
            mkdir -p /var/ftp/direccion
            chown ftp.nogroup /var/ftp/direccion  
            chmod 777 /var/ftp/direccion
            touch /etc/proftpd/ftpd.passwd
            chmod 644 /etc/proftpd/ftpd.passwd
            ftpasswd --passwd --name=direccion --uid=3001 --gid=3001 --home=/var/ftp/direccion --shell=/bin/false --file=/etc/proftpd/ftpd.passwd
            ftpasswd --passwd --name=direccion --unlock
            cat /etc/proftpd/ftpd.passwd
            systemctl restart proftpd


    2. Configuracion del host "suzdalenko.local" ó la IP "192.168.100.222": 
            para debian:
                nano /etc/network/interfaces
                    # The loopback network interface
                    auto lo
                    iface lo inet loopback

                    # Configuración del Adaptador 1 (NAT) para acceso a internet
                    auto enp0s3
                    iface enp0s3 inet dhcp

                    # Configuración del Adaptador 2 (Red Interna)
                    auto enp0s8
                    iface enp0s8 inet static
                        address 192.168.83.222
                        netmask 255.255.255.0
                        gateway 192.168.83.74
                        dns-nameservers 8.8.8.8 8.8.4.4

                systemctl restart networking


            para ubuntu: ?¿?
                nano /etc/netplan/01-netcfg.yaml OR OTHER FILE !!!
                    network:
                     version: 2
                     renderer: networkd
                     ethernets:
                       enp0s3:
                         dhcp4: true  # Configuración DHCP para el adaptador 1 (NAT)
                       enp0s8:
                         dhcp4: false
                         addresses:
                           - 192.168.83.222/24  # Dirección IP estática
                         gateway4: 192.168.83.74  # Puerta de enlace para la red interna
                         nameservers:
                           addresses:
                             - 8.8.8.8
                             - 8.8.4.4

                netplan apply

            # lo cierto que no es necesario hacer todo esto para conectarse a "suzdalenko.local" o 192.168.83.222, con la parte de arriba es suficiente es suficiente

            configuramos domen "suzdalenko.local" ó la IP
                mkdir -p /home/ftpusers/direccion                   !!! esta direccion pongo en defaul root si es que hace falta
                chown ftp:nogroup /home/ftpusers/direccion                  !!! esta direccion pongo en defaul root si es que hace falta
                chmod 777 /home/ftpusers/direccion                  !!! esta direccion pongo en defaul root si es que hace falta

                nano /etc/proftpd/proftpd.conf
                    Include /etc/proftpd/conf.d/*.conf        (ultima linea)
                nano /etc/proftpd/conf.d/virtual.conf

                    <VirtualHost 192.168.83.222>
                      ServerName "suzdalenko.local"
                      DefaultRoot /var/ftp/direccion
                      RequireValidShell off
                      AuthUserFile /etc/proftpd/ftpd.passwd
                    </VirtualHost>

                Update DNS or /etc/hosts
                  nano /etc/hosts
                  192.168.83.222 suzdalenko.local

                Restart ProFTPD
                  systemctl restart proftpd
                  systemctl status proftpd
                  passive on



4. Tsl en el archivo Tsl

5 apt install filezilla -y
    sudo apt install filezilla -y
    filezilla  (desde usuario no root)

    mis cosas:
        apt install lftp -y
        lftp -u direccion,direccion ftps://suzdalenko.local
        lftp -u direccion,direccion -e "set ftp:ssl-force true" ftps://suzdalenko.local !!! no funciona
