Configura la dirección IP estática:
nano /etc/netplan/00-installer-config.yaml
nano /etc/network/interfaces

# The loopback network interface
auto lo
iface lo inet loopback

# Configuración del Adaptador 1 (NAT) para acceso a internet
auto enp0s3
iface enp0s3 inet dhcp

# Configuración del Adaptador 2 (Red Interna) 
auto enp0s8
iface enp0s8 inet static
    address 192.168.1.113
    netmask 255.255.255.0
    dns-nameservers 192.168.1.111


systemctl restart networking




Paso 2: Configurar el servidor esclavo BIND

apt install bind9 bind9utils bind9-doc

nano /etc/bind/named.conf.local

zone "suzdalenko.local" {
    type slave;
    masters { 192.168.1.111; }; # Dirección IP del servidor maestro
    file "/var/cache/bind/db.suzdalenko.local";
};

systemctl restart bind9
systemctl status bind9